<?xml version="1.0" encoding="UTF-8"?>
<!-- Generated by org.testng.reporters.JUnitXMLReporter -->
<testsuite ignored="0" hostname="GAURAV" failures="1" tests="1" name="Default test(failed)" time="3.76" errors="0" timestamp="2023-11-02T12:24:01 IST">
  <testcase classname="testCase.TC_01_AccountRegestration_test" name="test_Account_Registration" time="1.815">
    <failure type="java.lang.AssertionError" message="null">
      <![CDATA[java.lang.AssertionError: null
at testCase.TC_01_AccountRegestration_test.test_Account_Registration(TC_01_AccountRegestration_test.java:32)
at java.base/java.util.ArrayList.forEach(ArrayList.java:1511)
... Removed 29 stack frames]]>
    </failure>
  </testcase> <!-- test_Account_Registration -->
</testsuite> <!-- Default test(failed) -->
